cp_and_run>  ----  batch_utils/cp_and_run.main()  -----------------------
cp_and_run>  ----  batch_utils/cp_and_run.get_input_files()  ----

-------------------------------------------------------------------------
cp_and_run>  user:         sschier
cp_and_run>  exe:          /export/share/dirac/sschier/HistMaker/Higgsino_analysis/FakeFactor_muon/FFMaker.py
cp_and_run>  arg-template: " -input=%s -isData=data16 -tree=CollectionTree -outfile=outputHist_data16.root"
cp_and_run>  input_files:
  /export/share/data/sschier/FakeLepton/mu_trigger_skims/data16_skim/data305380_skim.root
-------------------------------------------------------------------------
cp_and_run>  HOSTNAME (submitter):    atlas02.ucsc.edu
cp_and_run>  hostname (this worker):  wrk1prv.ucsc.edu
cp_and_run>  ip:  192.168.100.101
cp_and_run>  id:  uid=1076(sschier) gid=100(users) groups=100(users) context=system_u:system_r:condor_startd_t:s0
cp_and_run>  cwd: /var/lib/condor/execute/dir_568637
-------------------------------------------------------------------------

cp_and_run>  ----  copy input files  ------------------------------------
cp_and_run>  waiting for slot...
[2017-06-16:16:21:04] INFO: _acquire_slot(queue_path, 1) by sschier
cp_and_run>  got slot 1
cp_and_run>  doing a copy (try 1)
cp_and_run>  cp /export/share/data/sschier/FakeLepton/mu_trigger_skims/data16_skim/data305380_skim.root f000_data16_skim_data305380_skim.root
cp_and_run>  copied successfully.
cp_and_run>  releasing slot 1
[2017-06-16:16:21:06] INFO: release_slot(queue_path, 1) by sschier
cp_and_run>  files in the working directory now after copying:
total 1.2M
-rwx------. 1 sschier users    47 Jun 16 16:20 .chirp.config*
-rwxr-xr-x. 1 sschier users   15K Jun 16 16:20 condor_exec.exe*
-rw-r--r--. 1 sschier users  1.6K Jun 16 16:21 _condor_stdout
-rw-r--r--. 1 sschier users  1.2M Jun 16 16:21 f000_data16_skim_data305380_skim.root
-rw-r--r--. 1 condor  condor  13K Jun 16 16:20 .job.ad
-rw-r--r--. 1 condor  condor 4.9K Jun 16 16:20 .machine.ad


cp_and_run>  ----  run the program  -------------------------------------
cp_and_run>  running your program...
cp_and_run>  /export/share/dirac/sschier/HistMaker/Higgsino_analysis/FakeFactor_muon/FFMaker.py  -input=f000_data16_skim_data305380_skim.root -isData=data16 -tree=CollectionTree -outfile=outputHist_data16.root
[?1034hStarting Analysis
running over file f000_data16_skim_data305380_skim.root
getting events in CollectionTree
1000 events analyzed
2000 events analyzed
3000 events analyzed
4000 events analyzed
5000 events analyzed
6000 events analyzed
7000 events analyzed
7678 total events
writing histograms for muon fake estimates
Done
cp_and_run>  your program finished.
cp_and_run>  your program made output.
cp_and_run>  output files:
  outputHist_data16.root

cp_and_run>  ----  remove local copies of input files  ------------------
cp_and_run>  removing local input files...
cp_and_run>  rm -f f000_data16_skim_data305380_skim.root

cp_and_run>  ----  copy the output files  -------------------------------
cp_and_run>  copying your output...
cp_and_run>  cp outputHist_data16.root /export/share/dirac/sschier/HistMaker/Higgsino_analysis/FakeFactor_muon/condor/data16_run_dir_201706161615/job_074

cp_and_run>  ----  remove local copies of output files  -----------------
cp_and_run>  removing local output files...
cp_and_run>  rm -rf outputHist_data16.root

cp_and_run>  files in the working directory now after deleting the copies:
total 48K
-rwx------. 1 sschier users    47 Jun 16 16:20 .chirp.config*
-rwxr-xr-x. 1 sschier users   15K Jun 16 16:20 condor_exec.exe*
-rw-r--r--. 1 sschier users  3.4K Jun 16 16:22 _condor_stdout
-rw-r--r--. 1 condor  condor  13K Jun 16 16:20 .job.ad
-rw-r--r--. 1 condor  condor 4.9K Jun 16 16:20 .machine.ad

cp_and_run>  done.
