cp_and_run>  ----  batch_utils/cp_and_run.main()  -----------------------
cp_and_run>  ----  batch_utils/cp_and_run.get_input_files()  ----

-------------------------------------------------------------------------
cp_and_run>  user:         sschier
cp_and_run>  exe:          /export/share/dirac/sschier/HistMaker/Higgsino_analysis/FakeFactor_muon/FFMaker.py
cp_and_run>  arg-template: " -input=%s -isData=data16 -tree=CollectionTree -outfile=outputHist_data16.root"
cp_and_run>  input_files:
  /export/share/data/sschier/FakeLepton/full_samples_2_4_25/data16_13TeV/data16_13TeV.00307656.data16_13TeV.DAOD_SUSY5.root
-------------------------------------------------------------------------
cp_and_run>  HOSTNAME (submitter):    atlas02.ucsc.edu
cp_and_run>  hostname (this worker):  wrk5prv.ucsc.edu
cp_and_run>  ip:  192.168.100.105
cp_and_run>  id:  uid=1076(sschier) gid=100(users) groups=100(users) context=system_u:system_r:condor_startd_t:s0
cp_and_run>  cwd: /var/lib/condor/execute/dir_674905
-------------------------------------------------------------------------

cp_and_run>  ----  copy input files  ------------------------------------
cp_and_run>  waiting for slot...
[2017-06-16:17:31:13] INFO: _acquire_slot(queue_path, 3) by sschier
cp_and_run>  got slot 3
cp_and_run>  doing a copy (try 1)
cp_and_run>  cp /export/share/data/sschier/FakeLepton/full_samples_2_4_25/data16_13TeV/data16_13TeV.00307656.data16_13TeV.DAOD_SUSY5.root f000_data16_13TeV_data16_13TeV.00307656.data16_13TeV.DAOD_SUSY5.root
cp_and_run>  copied successfully.
cp_and_run>  releasing slot 3
[2017-06-16:17:31:56] INFO: release_slot(queue_path, 3) by sschier
cp_and_run>  files in the working directory now after copying:
total 843M
-rwx------. 1 sschier users    48 Jun 16 17:28 .chirp.config*
-rwxr-xr-x. 1 sschier users   15K Jun 16 17:28 condor_exec.exe*
-rw-r--r--. 1 sschier users  1.7K Jun 16 17:31 _condor_stdout
-rwxr-xr-x. 1 sschier users  843M Jun 16 17:31 f000_data16_13TeV_data16_13TeV.00307656.data16_13TeV.DAOD_SUSY5.root*
-rw-r--r--. 1 condor  condor  17K Jun 16 17:28 .job.ad
-rw-r--r--. 1 condor  condor 5.0K Jun 16 17:28 .machine.ad


cp_and_run>  ----  run the program  -------------------------------------
cp_and_run>  running your program...
cp_and_run>  /export/share/dirac/sschier/HistMaker/Higgsino_analysis/FakeFactor_muon/FFMaker.py  -input=f000_data16_13TeV_data16_13TeV.00307656.data16_13TeV.DAOD_SUSY5.root -isData=data16 -tree=CollectionTree -outfile=outputHist_data16.root
[?1034hStarting Analysis
running over file f000_data16_13TeV_data16_13TeV.00307656.data16_13TeV.DAOD_SUSY5.root
getting events in CollectionTree
1000 events analyzed
2000 events analyzed
3000 events analyzed
4000 events analyzed
5000 events analyzed
6000 events analyzed
7000 events analyzed
8000 events analyzed
9000 events analyzed
10000 events analyzed
11000 events analyzed
12000 events analyzed
13000 events analyzed
14000 events analyzed
15000 events analyzed
16000 events analyzed
17000 events analyzed
18000 events analyzed
19000 events analyzed
20000 events analyzed
21000 events analyzed
22000 events analyzed
23000 events analyzed
24000 events analyzed
25000 events analyzed
26000 events analyzed
27000 events analyzed
28000 events analyzed
29000 events analyzed
30000 events analyzed
31000 events analyzed
32000 events analyzed
33000 events analyzed
34000 events analyzed
35000 events analyzed
36000 events analyzed
37000 events analyzed
38000 events analyzed
39000 events analyzed
40000 events analyzed
41000 events analyzed
42000 events analyzed
43000 events analyzed
44000 events analyzed
45000 events analyzed
46000 events analyzed
47000 events analyzed
48000 events analyzed
49000 events analyzed
50000 events analyzed
51000 events analyzed
52000 events analyzed
53000 events analyzed
54000 events analyzed
55000 events analyzed
56000 events analyzed
57000 events analyzed
58000 events analyzed
59000 events analyzed
60000 events analyzed
61000 events analyzed
62000 events analyzed
63000 events analyzed
64000 events analyzed
65000 events analyzed
66000 events analyzed
67000 events analyzed
68000 events analyzed
69000 events analyzed
70000 events analyzed
71000 events analyzed
72000 events analyzed
73000 events analyzed
74000 events analyzed
75000 events analyzed
76000 events analyzed
77000 events analyzed
78000 events analyzed
79000 events analyzed
80000 events analyzed
81000 events analyzed
82000 events analyzed
83000 events analyzed
84000 events analyzed
85000 events analyzed
86000 events analyzed
87000 events analyzed
88000 events analyzed
89000 events analyzed
90000 events analyzed
91000 events analyzed
92000 events analyzed
93000 events analyzed
94000 events analyzed
95000 events analyzed
96000 events analyzed
97000 events analyzed
98000 events analyzed
99000 events analyzed
100000 events analyzed
101000 events analyzed
102000 events analyzed
103000 events analyzed
104000 events analyzed
105000 events analyzed
106000 events analyzed
107000 events analyzed
108000 events analyzed
109000 events analyzed
110000 events analyzed
111000 events analyzed
112000 events analyzed
113000 events analyzed
114000 events analyzed
115000 events analyzed
116000 events analyzed
117000 events analyzed
118000 events analyzed
119000 events analyzed
120000 events analyzed
121000 events analyzed
122000 events analyzed
123000 events analyzed
124000 events analyzed
125000 events analyzed
126000 events analyzed
127000 events analyzed
128000 events analyzed
129000 events analyzed
130000 events analyzed
131000 events analyzed
132000 events analyzed
133000 events analyzed
134000 events analyzed
135000 events analyzed
136000 events analyzed
137000 events analyzed
138000 events analyzed
139000 events analyzed
140000 events analyzed
141000 events analyzed
142000 events analyzed
143000 events analyzed
144000 events analyzed
145000 events analyzed
146000 events analyzed
147000 events analyzed
148000 events analyzed
149000 events analyzed
150000 events analyzed
151000 events analyzed
152000 events analyzed
153000 events analyzed
154000 events analyzed
155000 events analyzed
156000 events analyzed
157000 events analyzed
158000 events analyzed
159000 events analyzed
160000 events analyzed
161000 events analyzed
162000 events analyzed
163000 events analyzed
164000 events analyzed
165000 events analyzed
166000 events analyzed
167000 events analyzed
168000 events analyzed
169000 events analyzed
170000 events analyzed
171000 events analyzed
172000 events analyzed
173000 events analyzed
174000 events analyzed
175000 events analyzed
176000 events analyzed
177000 events analyzed
178000 events analyzed
179000 events analyzed
180000 events analyzed
181000 events analyzed
182000 events analyzed
183000 events analyzed
184000 events analyzed
185000 events analyzed
186000 events analyzed
187000 events analyzed
188000 events analyzed
189000 events analyzed
190000 events analyzed
191000 events analyzed
192000 events analyzed
193000 events analyzed
194000 events analyzed
195000 events analyzed
196000 events analyzed
197000 events analyzed
198000 events analyzed
199000 events analyzed
200000 events analyzed
201000 events analyzed
202000 events analyzed
203000 events analyzed
204000 events analyzed
205000 events analyzed
206000 events analyzed
207000 events analyzed
208000 events analyzed
209000 events analyzed
210000 events analyzed
211000 events analyzed
212000 events analyzed
213000 events analyzed
214000 events analyzed
215000 events analyzed
216000 events analyzed
217000 events analyzed
218000 events analyzed
219000 events analyzed
220000 events analyzed
221000 events analyzed
222000 events analyzed
223000 events analyzed
224000 events analyzed
225000 events analyzed
226000 events analyzed
227000 events analyzed
228000 events analyzed
229000 events analyzed
230000 events analyzed
231000 events analyzed
232000 events analyzed
233000 events analyzed
234000 events analyzed
235000 events analyzed
236000 events analyzed
237000 events analyzed
238000 events analyzed
239000 events analyzed
240000 events analyzed
241000 events analyzed
242000 events analyzed
243000 events analyzed
244000 events analyzed
245000 events analyzed
246000 events analyzed
247000 events analyzed
248000 events analyzed
249000 events analyzed
250000 events analyzed
251000 events analyzed
252000 events analyzed
253000 events analyzed
254000 events analyzed
255000 events analyzed
256000 events analyzed
257000 events analyzed
258000 events analyzed
259000 events analyzed
260000 events analyzed
261000 events analyzed
262000 events analyzed
263000 events analyzed
264000 events analyzed
265000 events analyzed
266000 events analyzed
267000 events analyzed
268000 events analyzed
269000 events analyzed
270000 events analyzed
271000 events analyzed
272000 events analyzed
273000 events analyzed
274000 events analyzed
275000 events analyzed
276000 events analyzed
277000 events analyzed
278000 events analyzed
279000 events analyzed
280000 events analyzed
281000 events analyzed
282000 events analyzed
283000 events analyzed
284000 events analyzed
285000 events analyzed
286000 events analyzed
287000 events analyzed
288000 events analyzed
289000 events analyzed
290000 events analyzed
291000 events analyzed
292000 events analyzed
293000 events analyzed
294000 events analyzed
295000 events analyzed
296000 events analyzed
297000 events analyzed
298000 events analyzed
299000 events analyzed
300000 events analyzed
301000 events analyzed
302000 events analyzed
303000 events analyzed
304000 events analyzed
305000 events analyzed
306000 events analyzed
307000 events analyzed
308000 events analyzed
309000 events analyzed
310000 events analyzed
311000 events analyzed
312000 events analyzed
313000 events analyzed
314000 events analyzed
315000 events analyzed
316000 events analyzed
317000 events analyzed
318000 events analyzed
319000 events analyzed
320000 events analyzed
321000 events analyzed
322000 events analyzed
323000 events analyzed
324000 events analyzed
325000 events analyzed
326000 events analyzed
327000 events analyzed
328000 events analyzed
329000 events analyzed
330000 events analyzed
331000 events analyzed
332000 events analyzed
333000 events analyzed
334000 events analyzed
335000 events analyzed
336000 events analyzed
337000 events analyzed
338000 events analyzed
339000 events analyzed
340000 events analyzed
341000 events analyzed
342000 events analyzed
343000 events analyzed
344000 events analyzed
345000 events analyzed
346000 events analyzed
347000 events analyzed
348000 events analyzed
349000 events analyzed
350000 events analyzed
351000 events analyzed
352000 events analyzed
353000 events analyzed
354000 events analyzed
355000 events analyzed
356000 events analyzed
357000 events analyzed
358000 events analyzed
359000 events analyzed
360000 events analyzed
361000 events analyzed
362000 events analyzed
363000 events analyzed
364000 events analyzed
365000 events analyzed
366000 events analyzed
367000 events analyzed
368000 events analyzed
369000 events analyzed
370000 events analyzed
371000 events analyzed
372000 events analyzed
373000 events analyzed
374000 events analyzed
375000 events analyzed
376000 events analyzed
377000 events analyzed
378000 events analyzed
379000 events analyzed
380000 events analyzed
381000 events analyzed
382000 events analyzed
383000 events analyzed
384000 events analyzed
385000 events analyzed
386000 events analyzed
387000 events analyzed
388000 events analyzed
389000 events analyzed
390000 events analyzed
391000 events analyzed
392000 events analyzed
393000 events analyzed
394000 events analyzed
395000 events analyzed
396000 events analyzed
397000 events analyzed
398000 events analyzed
399000 events analyzed
400000 events analyzed
401000 events analyzed
402000 events analyzed
403000 events analyzed
404000 events analyzed
405000 events analyzed
406000 events analyzed
407000 events analyzed
408000 events analyzed
409000 events analyzed
410000 events analyzed
411000 events analyzed
412000 events analyzed
413000 events analyzed
414000 events analyzed
415000 events analyzed
416000 events analyzed
417000 events analyzed
418000 events analyzed
419000 events analyzed
420000 events analyzed
421000 events analyzed
422000 events analyzed
423000 events analyzed
424000 events analyzed
425000 events analyzed
426000 events analyzed
427000 events analyzed
428000 events analyzed
429000 events analyzed
430000 events analyzed
431000 events analyzed
432000 events analyzed
433000 events analyzed
434000 events analyzed
435000 events analyzed
436000 events analyzed
437000 events analyzed
438000 events analyzed
439000 events analyzed
440000 events analyzed
441000 events analyzed
442000 events analyzed
443000 events analyzed
444000 events analyzed
445000 events analyzed
446000 events analyzed
447000 events analyzed
448000 events analyzed
449000 events analyzed
450000 events analyzed
451000 events analyzed
452000 events analyzed
453000 events analyzed
454000 events analyzed
455000 events analyzed
456000 events analyzed
457000 events analyzed
458000 events analyzed
459000 events analyzed
460000 events analyzed
461000 events analyzed
462000 events analyzed
463000 events analyzed
464000 events analyzed
465000 events analyzed
466000 events analyzed
467000 events analyzed
468000 events analyzed
469000 events analyzed
470000 events analyzed
471000 events analyzed
472000 events analyzed
473000 events analyzed
474000 events analyzed
475000 events analyzed
476000 events analyzed
477000 events analyzed
478000 events analyzed
479000 events analyzed
480000 events analyzed
481000 events analyzed
482000 events analyzed
483000 events analyzed
484000 events analyzed
485000 events analyzed
486000 events analyzed
487000 events analyzed
488000 events analyzed
489000 events analyzed
490000 events analyzed
491000 events analyzed
492000 events analyzed
493000 events analyzed
494000 events analyzed
495000 events analyzed
496000 events analyzed
497000 events analyzed
498000 events analyzed
499000 events analyzed
500000 events analyzed
501000 events analyzed
502000 events analyzed
503000 events analyzed
504000 events analyzed
505000 events analyzed
506000 events analyzed
507000 events analyzed
508000 events analyzed
509000 events analyzed
510000 events analyzed
511000 events analyzed
512000 events analyzed
513000 events analyzed
514000 events analyzed
515000 events analyzed
516000 events analyzed
517000 events analyzed
518000 events analyzed
519000 events analyzed
520000 events analyzed
521000 events analyzed
522000 events analyzed
523000 events analyzed
524000 events analyzed
525000 events analyzed
526000 events analyzed
527000 events analyzed
528000 events analyzed
529000 events analyzed
530000 events analyzed
531000 events analyzed
532000 events analyzed
533000 events analyzed
534000 events analyzed
535000 events analyzed
536000 events analyzed
537000 events analyzed
538000 events analyzed
539000 events analyzed
540000 events analyzed
541000 events analyzed
542000 events analyzed
543000 events analyzed
544000 events analyzed
545000 events analyzed
546000 events analyzed
547000 events analyzed
548000 events analyzed
549000 events analyzed
550000 events analyzed
551000 events analyzed
552000 events analyzed
553000 events analyzed
554000 events analyzed
555000 events analyzed
556000 events analyzed
557000 events analyzed
558000 events analyzed
559000 events analyzed
560000 events analyzed
561000 events analyzed
562000 events analyzed
563000 events analyzed
564000 events analyzed
565000 events analyzed
566000 events analyzed
567000 events analyzed
568000 events analyzed
569000 events analyzed
570000 events analyzed
571000 events analyzed
572000 events analyzed
573000 events analyzed
574000 events analyzed
575000 events analyzed
576000 events analyzed
577000 events analyzed
578000 events analyzed
579000 events analyzed
580000 events analyzed
581000 events analyzed
582000 events analyzed
583000 events analyzed
584000 events analyzed
585000 events analyzed
586000 events analyzed
587000 events analyzed
588000 events analyzed
589000 events analyzed
590000 events analyzed
591000 events analyzed
592000 events analyzed
593000 events analyzed
594000 events analyzed
595000 events analyzed
596000 events analyzed
597000 events analyzed
598000 events analyzed
599000 events analyzed
600000 events analyzed
601000 events analyzed
602000 events analyzed
603000 events analyzed
604000 events analyzed
605000 events analyzed
606000 events analyzed
607000 events analyzed
608000 events analyzed
609000 events analyzed
610000 events analyzed
611000 events analyzed
612000 events analyzed
613000 events analyzed
614000 events analyzed
615000 events analyzed
616000 events analyzed
617000 events analyzed
618000 events analyzed
619000 events analyzed
620000 events analyzed
621000 events analyzed
622000 events analyzed
623000 events analyzed
624000 events analyzed
625000 events analyzed
626000 events analyzed
627000 events analyzed
628000 events analyzed
629000 events analyzed
630000 events analyzed
631000 events analyzed
632000 events analyzed
633000 events analyzed
634000 events analyzed
635000 events analyzed
636000 events analyzed
637000 events analyzed
638000 events analyzed
639000 events analyzed
640000 events analyzed
641000 events analyzed
642000 events analyzed
643000 events analyzed
644000 events analyzed
645000 events analyzed
646000 events analyzed
647000 events analyzed
648000 events analyzed
649000 events analyzed
650000 events analyzed
651000 events analyzed
652000 events analyzed
653000 events analyzed
654000 events analyzed
655000 events analyzed
656000 events analyzed
657000 events analyzed
658000 events analyzed
659000 events analyzed
660000 events analyzed
661000 events analyzed
662000 events analyzed
663000 events analyzed
664000 events analyzed
665000 events analyzed
666000 events analyzed
667000 events analyzed
668000 events analyzed
669000 events analyzed
670000 events analyzed
671000 events analyzed
672000 events analyzed
673000 events analyzed
674000 events analyzed
675000 events analyzed
676000 events analyzed
677000 events analyzed
678000 events analyzed
679000 events analyzed
680000 events analyzed
681000 events analyzed
682000 events analyzed
683000 events analyzed
684000 events analyzed
685000 events analyzed
686000 events analyzed
687000 events analyzed
688000 events analyzed
689000 events analyzed
690000 events analyzed
691000 events analyzed
692000 events analyzed
693000 events analyzed
694000 events analyzed
695000 events analyzed
696000 events analyzed
697000 events analyzed
698000 events analyzed
699000 events analyzed
700000 events analyzed
701000 events analyzed
702000 events analyzed
703000 events analyzed
704000 events analyzed
705000 events analyzed
706000 events analyzed
707000 events analyzed
708000 events analyzed
709000 events analyzed
710000 events analyzed
711000 events analyzed
712000 events analyzed
713000 events analyzed
714000 events analyzed
715000 events analyzed
716000 events analyzed
717000 events analyzed
718000 events analyzed
719000 events analyzed
720000 events analyzed
721000 events analyzed
722000 events analyzed
723000 events analyzed
724000 events analyzed
725000 events analyzed
726000 events analyzed
727000 events analyzed
728000 events analyzed
729000 events analyzed
730000 events analyzed
731000 events analyzed
732000 events analyzed
733000 events analyzed
734000 events analyzed
735000 events analyzed
736000 events analyzed
737000 events analyzed
738000 events analyzed
739000 events analyzed
740000 events analyzed
741000 events analyzed
742000 events analyzed
743000 events analyzed
744000 events analyzed
745000 events analyzed
746000 events analyzed
747000 events analyzed
748000 events analyzed
749000 events analyzed
750000 events analyzed
751000 events analyzed
752000 events analyzed
753000 events analyzed
754000 events analyzed
755000 events analyzed
756000 events analyzed
757000 events analyzed
758000 events analyzed
759000 events analyzed
760000 events analyzed
761000 events analyzed
762000 events analyzed
763000 events analyzed
764000 events analyzed
765000 events analyzed
766000 events analyzed
767000 events analyzed
768000 events analyzed
769000 events analyzed
770000 events analyzed
771000 events analyzed
772000 events analyzed
773000 events analyzed
774000 events analyzed
775000 events analyzed
776000 events analyzed
777000 events analyzed
778000 events analyzed
779000 events analyzed
780000 events analyzed
781000 events analyzed
782000 events analyzed
783000 events analyzed
784000 events analyzed
785000 events analyzed
786000 events analyzed
787000 events analyzed
788000 events analyzed
789000 events analyzed
790000 events analyzed
791000 events analyzed
792000 events analyzed
793000 events analyzed
794000 events analyzed
795000 events analyzed
796000 events analyzed
797000 events analyzed
798000 events analyzed
799000 events analyzed
800000 events analyzed
801000 events analyzed
802000 events analyzed
803000 events analyzed
804000 events analyzed
805000 events analyzed
806000 events analyzed
807000 events analyzed
808000 events analyzed
809000 events analyzed
810000 events analyzed
811000 events analyzed
812000 events analyzed
813000 events analyzed
814000 events analyzed
815000 events analyzed
816000 events analyzed
817000 events analyzed
818000 events analyzed
819000 events analyzed
820000 events analyzed
821000 events analyzed
822000 events analyzed
823000 events analyzed
824000 events analyzed
825000 events analyzed
826000 events analyzed
827000 events analyzed
828000 events analyzed
829000 events analyzed
830000 events analyzed
831000 events analyzed
832000 events analyzed
833000 events analyzed
834000 events analyzed
835000 events analyzed
836000 events analyzed
837000 events analyzed
838000 events analyzed
839000 events analyzed
840000 events analyzed
841000 events analyzed
842000 events analyzed
843000 events analyzed
844000 events analyzed
845000 events analyzed
846000 events analyzed
847000 events analyzed
848000 events analyzed
849000 events analyzed
850000 events analyzed
851000 events analyzed
852000 events analyzed
853000 events analyzed
854000 events analyzed
855000 events analyzed
856000 events analyzed
857000 events analyzed
858000 events analyzed
859000 events analyzed
860000 events analyzed
861000 events analyzed
862000 events analyzed
863000 events analyzed
864000 events analyzed
865000 events analyzed
866000 events analyzed
867000 events analyzed
868000 events analyzed
869000 events analyzed
870000 events analyzed
871000 events analyzed
872000 events analyzed
873000 events analyzed
874000 events analyzed
875000 events analyzed
876000 events analyzed
877000 events analyzed
878000 events analyzed
879000 events analyzed
880000 events analyzed
881000 events analyzed
882000 events analyzed
883000 events analyzed
884000 events analyzed
885000 events analyzed
886000 events analyzed
887000 events analyzed
888000 events analyzed
889000 events analyzed
890000 events analyzed
891000 events analyzed
892000 events analyzed
893000 events analyzed
894000 events analyzed
895000 events analyzed
896000 events analyzed
897000 events analyzed
898000 events analyzed
899000 events analyzed
900000 events analyzed
901000 events analyzed
902000 events analyzed
903000 events analyzed
904000 events analyzed
905000 events analyzed
906000 events analyzed
907000 events analyzed
908000 events analyzed
909000 events analyzed
910000 events analyzed
911000 events analyzed
912000 events analyzed
913000 events analyzed
914000 events analyzed
915000 events analyzed
916000 events analyzed
917000 events analyzed
918000 events analyzed
919000 events analyzed
920000 events analyzed
921000 events analyzed
922000 events analyzed
923000 events analyzed
924000 events analyzed
925000 events analyzed
926000 events analyzed
927000 events analyzed
928000 events analyzed
929000 events analyzed
930000 events analyzed
931000 events analyzed
932000 events analyzed
933000 events analyzed
934000 events analyzed
935000 events analyzed
936000 events analyzed
937000 events analyzed
938000 events analyzed
939000 events analyzed
940000 events analyzed
941000 events analyzed
942000 events analyzed
943000 events analyzed
944000 events analyzed
945000 events analyzed
946000 events analyzed
947000 events analyzed
948000 events analyzed
949000 events analyzed
950000 events analyzed
951000 events analyzed
952000 events analyzed
953000 events analyzed
954000 events analyzed
955000 events analyzed
956000 events analyzed
957000 events analyzed
958000 events analyzed
959000 events analyzed
960000 events analyzed
961000 events analyzed
962000 events analyzed
963000 events analyzed
964000 events analyzed
965000 events analyzed
966000 events analyzed
967000 events analyzed
968000 events analyzed
969000 events analyzed
970000 events analyzed
971000 events analyzed
972000 events analyzed
973000 events analyzed
974000 events analyzed
975000 events analyzed
976000 events analyzed
977000 events analyzed
978000 events analyzed
979000 events analyzed
980000 events analyzed
981000 events analyzed
982000 events analyzed
983000 events analyzed
984000 events analyzed
985000 events analyzed
986000 events analyzed
987000 events analyzed
988000 events analyzed
989000 events analyzed
990000 events analyzed
991000 events analyzed
992000 events analyzed
993000 events analyzed
994000 events analyzed
995000 events analyzed
996000 events analyzed
997000 events analyzed
998000 events analyzed
999000 events analyzed
1000000 events analyzed
1001000 events analyzed
1002000 events analyzed
1003000 events analyzed
1004000 events analyzed
1005000 events analyzed
1006000 events analyzed
1007000 events analyzed
1008000 events analyzed
1009000 events analyzed
1010000 events analyzed
1011000 events analyzed
1012000 events analyzed
1013000 events analyzed
1014000 events analyzed
1015000 events analyzed
1016000 events analyzed
1017000 events analyzed
1018000 events analyzed
1019000 events analyzed
1020000 events analyzed
1021000 events analyzed
1022000 events analyzed
1023000 events analyzed
1024000 events analyzed
1025000 events analyzed
1026000 events analyzed
1027000 events analyzed
1028000 events analyzed
1029000 events analyzed
1030000 events analyzed
1031000 events analyzed
1032000 events analyzed
1033000 events analyzed
1034000 events analyzed
1035000 events analyzed
1036000 events analyzed
1037000 events analyzed
1038000 events analyzed
1039000 events analyzed
1040000 events analyzed
1041000 events analyzed
1042000 events analyzed
1043000 events analyzed
1044000 events analyzed
1045000 events analyzed
1046000 events analyzed
1047000 events analyzed
1048000 events analyzed
1049000 events analyzed
1050000 events analyzed
1051000 events analyzed
1052000 events analyzed
1053000 events analyzed
1054000 events analyzed
1055000 events analyzed
1056000 events analyzed
1057000 events analyzed
1058000 events analyzed
1059000 events analyzed
1060000 events analyzed
1061000 events analyzed
1062000 events analyzed
1063000 events analyzed
1064000 events analyzed
1065000 events analyzed
1066000 events analyzed
1067000 events analyzed
1068000 events analyzed
1069000 events analyzed
1070000 events analyzed
1071000 events analyzed
1072000 events analyzed
1073000 events analyzed
1074000 events analyzed
1075000 events analyzed
1076000 events analyzed
1077000 events analyzed
1078000 events analyzed
1079000 events analyzed
1080000 events analyzed
1081000 events analyzed
1082000 events analyzed
1083000 events analyzed
1084000 events analyzed
1085000 events analyzed
1086000 events analyzed
1087000 events analyzed
1088000 events analyzed
1089000 events analyzed
1090000 events analyzed
1091000 events analyzed
1092000 events analyzed
1093000 events analyzed
1094000 events analyzed
1095000 events analyzed
1096000 events analyzed
1097000 events analyzed
1098000 events analyzed
1099000 events analyzed
1100000 events analyzed
1101000 events analyzed
1102000 events analyzed
1103000 events analyzed
1104000 events analyzed
1105000 events analyzed
1106000 events analyzed
1107000 events analyzed
1108000 events analyzed
1109000 events analyzed
1110000 events analyzed
1111000 events analyzed
1112000 events analyzed
1113000 events analyzed
1113404 total events
writing histograms for muon fake estimates
Done
cp_and_run>  your program finished.
cp_and_run>  your program made output.
cp_and_run>  output files:
  outputHist_data16.root

cp_and_run>  ----  remove local copies of input files  ------------------
cp_and_run>  removing local input files...
cp_and_run>  rm -f f000_data16_13TeV_data16_13TeV.00307656.data16_13TeV.DAOD_SUSY5.root

cp_and_run>  ----  copy the output files  -------------------------------
cp_and_run>  copying your output...
cp_and_run>  cp outputHist_data16.root /export/share/dirac/sschier/HistMaker/Higgsino_analysis/FakeFactor_muon/condor/data16_run_dir_201706161726/job_111

cp_and_run>  ----  remove local copies of output files  -----------------
cp_and_run>  removing local output files...
cp_and_run>  rm -rf outputHist_data16.root

cp_and_run>  files in the working directory now after deleting the copies:
total 84K
-rwx------. 1 sschier users    48 Jun 16 17:28 .chirp.config*
-rwxr-xr-x. 1 sschier users   15K Jun 16 17:28 condor_exec.exe*
-rw-r--r--. 1 sschier users   29K Jun 16 17:47 _condor_stdout
-rw-r--r--. 1 condor  condor  17K Jun 16 17:28 .job.ad
-rw-r--r--. 1 condor  condor 5.0K Jun 16 17:28 .machine.ad

cp_and_run>  done.
