cp_and_run>  ----  batch_utils/cp_and_run.main()  -----------------------
cp_and_run>  ----  batch_utils/cp_and_run.get_input_files()  ----

-------------------------------------------------------------------------
cp_and_run>  user:         sschier
cp_and_run>  exe:          /export/share/dirac/sschier/HistMaker/Higgsino_analysis/FakeFactor_muon/FFMaker.py
cp_and_run>  arg-template: " --input=%s --isData=data16 --tree=CollectionTree --outfile=outputHist_data16.root"
cp_and_run>  input_files:
  /export/share/data/sschier/FakeLepton/June16_2017_Stop1L_Dijet_Ntuple_AB_2.4.32_data/data16_13TeV/June16_2017_Stop1L_Dijet_Ntuple_AB_2.4.32_data16_13TeV.00306442.physics_Main.merge.DAOD_SUSY5.f731_m1659_p2950.root
-------------------------------------------------------------------------
cp_and_run>  HOSTNAME (submitter):    atlas02.ucsc.edu
cp_and_run>  hostname (this worker):  atlas01.ucsc.edu
cp_and_run>  ip:  192.168.100.1
128.114.109.112
cp_and_run>  id:  uid=1076(sschier) gid=100(users) groups=100(users) context=system_u:system_r:condor_startd_t:s0
cp_and_run>  cwd: /var/lib/condor/execute/dir_2955419
-------------------------------------------------------------------------

cp_and_run>  ----  copy input files  ------------------------------------
cp_and_run>  waiting for slot...
[2017-06-16:17:10:25] INFO: _acquire_slot(queue_path, 4) by sschier
cp_and_run>  got slot 4
cp_and_run>  doing a copy (try 1)
cp_and_run>  cp /export/share/data/sschier/FakeLepton/June16_2017_Stop1L_Dijet_Ntuple_AB_2.4.32_data/data16_13TeV/June16_2017_Stop1L_Dijet_Ntuple_AB_2.4.32_data16_13TeV.00306442.physics_Main.merge.DAOD_SUSY5.f731_m1659_p2950.root f000_data16_13TeV_June16_2017_Stop1L_Dijet_Ntuple_AB_2.4.32_data16_13TeV.00306442.physics_Main.merge.DAOD_SUSY5.f731_m1659_p2950.root
cp_and_run>  copied successfully.
cp_and_run>  releasing slot 4
[2017-06-16:17:10:29] INFO: release_slot(queue_path, 4) by sschier
cp_and_run>  files in the working directory now after copying:
total 56M
-rwx------. 1 sschier users    48 Jun 16 17:09 .chirp.config*
-rwxr-xr-x. 1 sschier users   15K Jun 16 17:09 condor_exec.exe*
-rw-r--r--. 1 sschier users  2.0K Jun 16 17:10 _condor_stdout
-rwxr-xr-x. 1 sschier users   56M Jun 16 17:10 f000_data16_13TeV_June16_2017_Stop1L_Dijet_Ntuple_AB_2.4.32_data16_13TeV.00306442.physics_Main.merge.DAOD_SUSY5.f731_m1659_p2950.root*
-rw-r--r--. 1 condor  condor  17K Jun 16 17:09 .job.ad
-rw-r--r--. 1 condor  condor 4.8K Jun 16 17:09 .machine.ad


cp_and_run>  ----  run the program  -------------------------------------
cp_and_run>  running your program...
cp_and_run>  /export/share/dirac/sschier/HistMaker/Higgsino_analysis/FakeFactor_muon/FFMaker.py  --input=f000_data16_13TeV_June16_2017_Stop1L_Dijet_Ntuple_AB_2.4.32_data16_13TeV.00306442.physics_Main.merge.DAOD_SUSY5.f731_m1659_p2950.root --isData=data16 --tree=CollectionTree --outfile=outputHist_data16.root
usage: FFMaker.py [-h] [-input INPUT] [-variation VARIATION] [-tree TREE]
                  [-isData ISDATA] [--isSignal] [-outfile OUTFILE] [--test]
                  [-region REGION]
FFMaker.py: error: unrecognized arguments: --input=f000_data16_13TeV_June16_2017_Stop1L_Dijet_Ntuple_AB_2.4.32_data16_13TeV.00306442.physics_Main.merge.DAOD_SUSY5.f731_m1659_p2950.root --isData=data16 --tree=CollectionTree --outfile=outputHist_data16.root
[?1034hcp_and_run>  your program finished.

cp_and_run>  ----  remove local copies of input files  ------------------
cp_and_run>  removing local input files...
cp_and_run>  rm -f f000_data16_13TeV_June16_2017_Stop1L_Dijet_Ntuple_AB_2.4.32_data16_13TeV.00306442.physics_Main.merge.DAOD_SUSY5.f731_m1659_p2950.root


cp_and_run>  files in the working directory now after deleting the copies:
total 52K
-rwx------. 1 sschier users    48 Jun 16 17:09 .chirp.config*
-rwxr-xr-x. 1 sschier users   15K Jun 16 17:09 condor_exec.exe*
-rw-r--r--. 1 sschier users  3.7K Jun 16 17:10 _condor_stdout
-rw-r--r--. 1 condor  condor  17K Jun 16 17:09 .job.ad
-rw-r--r--. 1 condor  condor 4.8K Jun 16 17:09 .machine.ad

cp_and_run>  done.
