cp_and_run>  ----  batch_utils/cp_and_run.main()  -----------------------
cp_and_run>  ----  batch_utils/cp_and_run.get_input_files()  ----

-------------------------------------------------------------------------
cp_and_run>  user:         sschier
cp_and_run>  exe:          /export/share/dirac/sschier/HistMaker/Higgsino_analysis/FakeFactor_muon/FFMaker.py
cp_and_run>  arg-template: " -input=%s -variation=Z0 -isData=data16 -tree=CollectionTree -outfile=outputHist_data16.root"
cp_and_run>  input_files:
  /export/share/data/sschier/FakeLepton/full_samples_2_4_25/data16_13TeV/data16_13TeV.00298771.data16_13TeV.DAOD_SUSY5.root
-------------------------------------------------------------------------
cp_and_run>  HOSTNAME (submitter):    atlas02.ucsc.edu
cp_and_run>  hostname (this worker):  wrk2prv.ucsc.edu
cp_and_run>  ip:  192.168.100.102
cp_and_run>  id:  uid=1076(sschier) gid=100(users) groups=100(users) context=unconfined_u:system_r:condor_startd_t:s0
cp_and_run>  cwd: /var/lib/condor/execute/dir_2323095
-------------------------------------------------------------------------

cp_and_run>  ----  copy input files  ------------------------------------
cp_and_run>  waiting for slot...
[2017-06-18:13:45:59] INFO: _acquire_slot(queue_path, 4) by sschier
cp_and_run>  got slot 4
cp_and_run>  doing a copy (try 1)
cp_and_run>  cp /export/share/data/sschier/FakeLepton/full_samples_2_4_25/data16_13TeV/data16_13TeV.00298771.data16_13TeV.DAOD_SUSY5.root f000_data16_13TeV_data16_13TeV.00298771.data16_13TeV.DAOD_SUSY5.root
cp_and_run>  copied successfully.
cp_and_run>  releasing slot 4
[2017-06-18:13:46:02] INFO: release_slot(queue_path, 4) by sschier
cp_and_run>  files in the working directory now after copying:
total 49M
-rwx------. 1 sschier users    47 Jun 18 13:45 .chirp.config*
-rwxr-xr-x. 1 sschier users   15K Jun 18 13:45 condor_exec.exe*
-rw-r--r--. 1 sschier users  1.7K Jun 18 13:46 _condor_stdout
-rwxr-xr-x. 1 sschier users   49M Jun 18 13:46 f000_data16_13TeV_data16_13TeV.00298771.data16_13TeV.DAOD_SUSY5.root*
-rw-r--r--. 1 condor  condor  13K Jun 18 13:45 .job.ad
-rw-r--r--. 1 condor  condor 5.1K Jun 18 13:45 .machine.ad


cp_and_run>  ----  run the program  -------------------------------------
cp_and_run>  running your program...
cp_and_run>  /export/share/dirac/sschier/HistMaker/Higgsino_analysis/FakeFactor_muon/FFMaker.py  -input=f000_data16_13TeV_data16_13TeV.00298771.data16_13TeV.DAOD_SUSY5.root -variation=Z0 -isData=data16 -tree=CollectionTree -outfile=outputHist_data16.root
[?1034hStarting Analysis
running over file f000_data16_13TeV_data16_13TeV.00298771.data16_13TeV.DAOD_SUSY5.root
getting events in CollectionTree
1000 events analyzed
2000 events analyzed
3000 events analyzed
4000 events analyzed
5000 events analyzed
6000 events analyzed
7000 events analyzed
8000 events analyzed
9000 events analyzed
10000 events analyzed
11000 events analyzed
12000 events analyzed
13000 events analyzed
14000 events analyzed
15000 events analyzed
16000 events analyzed
17000 events analyzed
18000 events analyzed
19000 events analyzed
20000 events analyzed
21000 events analyzed
22000 events analyzed
23000 events analyzed
24000 events analyzed
25000 events analyzed
26000 events analyzed
27000 events analyzed
28000 events analyzed
29000 events analyzed
30000 events analyzed
31000 events analyzed
32000 events analyzed
33000 events analyzed
34000 events analyzed
35000 events analyzed
36000 events analyzed
37000 events analyzed
38000 events analyzed
39000 events analyzed
40000 events analyzed
41000 events analyzed
42000 events analyzed
43000 events analyzed
44000 events analyzed
45000 events analyzed
46000 events analyzed
47000 events analyzed
48000 events analyzed
49000 events analyzed
50000 events analyzed
51000 events analyzed
52000 events analyzed
53000 events analyzed
54000 events analyzed
55000 events analyzed
56000 events analyzed
57000 events analyzed
58000 events analyzed
59000 events analyzed
60000 events analyzed
61000 events analyzed
62000 events analyzed
63000 events analyzed
64000 events analyzed
65000 events analyzed
66000 events analyzed
67000 events analyzed
68000 events analyzed
69000 events analyzed
69405 total events
writing histograms for muon fake estimates
Done
cp_and_run>  your program finished.
cp_and_run>  your program made output.
cp_and_run>  output files:
  outputHist_data16.root

cp_and_run>  ----  remove local copies of input files  ------------------
cp_and_run>  removing local input files...
cp_and_run>  rm -f f000_data16_13TeV_data16_13TeV.00298771.data16_13TeV.DAOD_SUSY5.root

cp_and_run>  ----  copy the output files  -------------------------------
cp_and_run>  copying your output...
cp_and_run>  cp outputHist_data16.root /export/share/dirac/sschier/HistMaker/Higgsino_analysis/FakeFactor_muon/condor/data16_z0_run_dir_201706181342/job_154

cp_and_run>  ----  remove local copies of output files  -----------------
cp_and_run>  removing local output files...
cp_and_run>  rm -rf outputHist_data16.root

cp_and_run>  files in the working directory now after deleting the copies:
total 52K
-rwx------. 1 sschier users    47 Jun 18 13:45 .chirp.config*
-rwxr-xr-x. 1 sschier users   15K Jun 18 13:45 condor_exec.exe*
-rw-r--r--. 1 sschier users  5.0K Jun 18 13:47 _condor_stdout
-rw-r--r--. 1 condor  condor  13K Jun 18 13:45 .job.ad
-rw-r--r--. 1 condor  condor 5.1K Jun 18 13:45 .machine.ad

cp_and_run>  done.
