cp_and_run>  ----  batch_utils/cp_and_run.main()  -----------------------
cp_and_run>  ----  batch_utils/cp_and_run.get_input_files()  ----

-------------------------------------------------------------------------
cp_and_run>  user:         sschier
cp_and_run>  exe:          /export/share/dirac/sschier/HistMaker/Higgsino_analysis/FakeFactor_muon/FFMaker.py
cp_and_run>  arg-template: " -input=%s -variation=pileup -tree=wjets_22 -outfile=outputHist_wjets.root"
cp_and_run>  input_files:
  /export/share/data/sschier/FakeLepton/mu_trigger_skims/wjets_skim/wjets361100_skim.root
-------------------------------------------------------------------------
cp_and_run>  HOSTNAME (submitter):    atlas02.ucsc.edu
cp_and_run>  hostname (this worker):  wrk4prv.ucsc.edu
cp_and_run>  ip:  192.168.100.104
cp_and_run>  id:  uid=1076(sschier) gid=100(users) groups=100(users) context=system_u:system_r:condor_startd_t:s0
cp_and_run>  cwd: /var/lib/condor/execute/dir_1974620
-------------------------------------------------------------------------

cp_and_run>  ----  copy input files  ------------------------------------
cp_and_run>  waiting for slot...
[2017-06-18:15:49:39] INFO: _acquire_slot(queue_path, 6) by sschier
cp_and_run>  got slot 6
cp_and_run>  doing a copy (try 1)
cp_and_run>  cp /export/share/data/sschier/FakeLepton/mu_trigger_skims/wjets_skim/wjets361100_skim.root f000_wjets_skim_wjets361100_skim.root
cp_and_run>  copied successfully.
cp_and_run>  releasing slot 6
[2017-06-18:15:49:52] INFO: release_slot(queue_path, 6) by sschier
cp_and_run>  files in the working directory now after copying:
total 1.7M
-rwx------. 1 sschier users    47 Jun 18 15:47 .chirp.config*
-rwxr-xr-x. 1 sschier users   15K Jun 18 15:47 condor_exec.exe*
-rw-r--r--. 1 sschier users  1.6K Jun 18 15:49 _condor_stdout
-rw-r--r--. 1 sschier users  1.6M Jun 18 15:49 f000_wjets_skim_wjets361100_skim.root
-rw-r--r--. 1 condor  condor  13K Jun 18 15:47 .job.ad
-rw-r--r--. 1 condor  condor 5.0K Jun 18 15:47 .machine.ad


cp_and_run>  ----  run the program  -------------------------------------
cp_and_run>  running your program...
cp_and_run>  /export/share/dirac/sschier/HistMaker/Higgsino_analysis/FakeFactor_muon/FFMaker.py  -input=f000_wjets_skim_wjets361100_skim.root -variation=pileup -tree=wjets_22 -outfile=outputHist_wjets.root
[?1034hStarting Analysis
running over file f000_wjets_skim_wjets361100_skim.root
getting events in wjets_22
1000 events analyzed
2000 events analyzed
3000 events analyzed
4000 events analyzed
5000 events analyzed
6000 events analyzed
7000 events analyzed
8000 events analyzed
9000 events analyzed
9208 total events
writing histograms for muon fake estimates
Done
cp_and_run>  your program finished.
cp_and_run>  your program made output.
cp_and_run>  output files:
  outputHist_wjets.root

cp_and_run>  ----  remove local copies of input files  ------------------
cp_and_run>  removing local input files...
cp_and_run>  rm -f f000_wjets_skim_wjets361100_skim.root

cp_and_run>  ----  copy the output files  -------------------------------
cp_and_run>  copying your output...
cp_and_run>  cp outputHist_wjets.root /export/share/dirac/sschier/HistMaker/Higgsino_analysis/FakeFactor_muon/condor/wjets_pileup_run_dir_201706181542/job_000

cp_and_run>  ----  remove local copies of output files  -----------------
cp_and_run>  removing local output files...
cp_and_run>  rm -rf outputHist_wjets.root

cp_and_run>  files in the working directory now after deleting the copies:
total 48K
-rwx------. 1 sschier users    47 Jun 18 15:47 .chirp.config*
-rwxr-xr-x. 1 sschier users   15K Jun 18 15:47 condor_exec.exe*
-rw-r--r--. 1 sschier users  3.5K Jun 18 15:50 _condor_stdout
-rw-r--r--. 1 condor  condor  13K Jun 18 15:47 .job.ad
-rw-r--r--. 1 condor  condor 5.0K Jun 18 15:47 .machine.ad

cp_and_run>  done.
