cp_and_run>  ----  batch_utils/cp_and_run.main()  -----------------------
cp_and_run>  ----  batch_utils/cp_and_run.get_input_files()  ----

-------------------------------------------------------------------------
cp_and_run>  user:         sschier
cp_and_run>  exe:          /export/share/dirac/sschier/HistMaker/Higgsino_analysis/FakeFactor_muon/FFMaker.py
cp_and_run>  arg-template: " -input=%s -variation=Z0 -tree=zjets_22 -outfile=outputHist_zjets.root"
cp_and_run>  input_files:
  /export/share/data/sschier/FakeLepton/mu_trigger_skims/zjets_skim/zjets361106_skim.root
-------------------------------------------------------------------------
cp_and_run>  HOSTNAME (submitter):    atlas02.ucsc.edu
cp_and_run>  hostname (this worker):  wrk6prv.ucsc.edu
cp_and_run>  ip:  192.168.100.106
cp_and_run>  id:  uid=1076(sschier) gid=100(users) groups=100(users) context=system_u:system_r:condor_startd_t:s0
cp_and_run>  cwd: /var/lib/condor/execute/dir_3062290
-------------------------------------------------------------------------

cp_and_run>  ----  copy input files  ------------------------------------
cp_and_run>  waiting for slot...
[2017-06-18:13:43:05] INFO: _acquire_slot(queue_path, 1) by sschier
cp_and_run>  got slot 1
cp_and_run>  doing a copy (try 1)
cp_and_run>  cp /export/share/data/sschier/FakeLepton/mu_trigger_skims/zjets_skim/zjets361106_skim.root f000_zjets_skim_zjets361106_skim.root
cp_and_run>  copied successfully.
cp_and_run>  releasing slot 1
[2017-06-18:13:43:06] INFO: release_slot(queue_path, 1) by sschier
cp_and_run>  files in the working directory now after copying:
total 1.5M
-rwx------. 1 sschier users    47 Jun 18 13:42 .chirp.config*
-rwxr-xr-x. 1 sschier users   15K Jun 18 13:42 condor_exec.exe*
-rw-r--r--. 1 sschier users  1.6K Jun 18 13:43 _condor_stdout
-rw-r--r--. 1 sschier users  1.4M Jun 18 13:43 f000_zjets_skim_zjets361106_skim.root
-rw-r--r--. 1 condor  condor  13K Jun 18 13:42 .job.ad
-rw-r--r--. 1 condor  condor 4.8K Jun 18 13:42 .machine.ad


cp_and_run>  ----  run the program  -------------------------------------
cp_and_run>  running your program...
cp_and_run>  /export/share/dirac/sschier/HistMaker/Higgsino_analysis/FakeFactor_muon/FFMaker.py  -input=f000_zjets_skim_zjets361106_skim.root -variation=Z0 -tree=zjets_22 -outfile=outputHist_zjets.root
[?1034hStarting Analysis
running over file f000_zjets_skim_zjets361106_skim.root
getting events in zjets_22
1000 events analyzed
2000 events analyzed
3000 events analyzed
4000 events analyzed
5000 events analyzed
6000 events analyzed
6945 total events
writing histograms for muon fake estimates
Done
cp_and_run>  your program finished.
cp_and_run>  your program made output.
cp_and_run>  output files:
  outputHist_zjets.root

cp_and_run>  ----  remove local copies of input files  ------------------
cp_and_run>  removing local input files...
cp_and_run>  rm -f f000_zjets_skim_zjets361106_skim.root

cp_and_run>  ----  copy the output files  -------------------------------
cp_and_run>  copying your output...
cp_and_run>  cp outputHist_zjets.root /export/share/dirac/sschier/HistMaker/Higgsino_analysis/FakeFactor_muon/condor/zjets_z0_run_dir_201706181342/job_000

cp_and_run>  ----  remove local copies of output files  -----------------
cp_and_run>  removing local output files...
cp_and_run>  rm -rf outputHist_zjets.root

cp_and_run>  files in the working directory now after deleting the copies:
total 48K
-rwx------. 1 sschier users    47 Jun 18 13:42 .chirp.config*
-rwxr-xr-x. 1 sschier users   15K Jun 18 13:42 condor_exec.exe*
-rw-r--r--. 1 sschier users  3.4K Jun 18 13:43 _condor_stdout
-rw-r--r--. 1 condor  condor  13K Jun 18 13:42 .job.ad
-rw-r--r--. 1 condor  condor 4.8K Jun 18 13:42 .machine.ad

cp_and_run>  done.
