cp_and_run>  ----  batch_utils/cp_and_run.main()  -----------------------
cp_and_run>  ----  batch_utils/cp_and_run.get_input_files()  ----

-------------------------------------------------------------------------
cp_and_run>  user:         sschier
cp_and_run>  exe:          /export/home/sschier/higgsino-fortnight/FakeFactor/FFMaker.py
cp_and_run>  arg-template: " --input=%s --isData --tree=CollectionTree --outfile=outputHist_data16.root"
cp_and_run>  input_files:
  /export/share/data/sschier/FakeLepton/trigger_skims/data16_skim/data310249_skim.root
-------------------------------------------------------------------------
cp_and_run>  HOSTNAME (submitter):    atlas02.ucsc.edu
cp_and_run>  hostname (this worker):  wrk7prv.ucsc.edu
cp_and_run>  ip:  192.168.100.107
cp_and_run>  id:  uid=1076(sschier) gid=100(users) groups=100(users) context=system_u:system_r:condor_startd_t:s0
cp_and_run>  cwd: /var/lib/condor/execute/dir_970872
-------------------------------------------------------------------------

cp_and_run>  ----  copy input files  ------------------------------------
cp_and_run>  waiting for slot...
[2017-05-25:18:08:54] INFO: _acquire_slot(queue_path, 0) by sschier
cp_and_run>  got slot 0
cp_and_run>  doing a copy (try 1)
cp_and_run>  cp /export/share/data/sschier/FakeLepton/trigger_skims/data16_skim/data310249_skim.root f000_data16_skim_data310249_skim.root
cp_and_run>  copied successfully.
cp_and_run>  releasing slot 0
[2017-05-25:18:08:54] INFO: release_slot(queue_path, 0) by sschier
cp_and_run>  files in the working directory now after copying:
total 1.3M
-rwx------. 1 sschier users    48 May 25 18:08 .chirp.config*
-rwxr-xr-x. 1 sschier users   15K May 25 18:08 condor_exec.exe*
-rw-r--r--. 1 sschier users  1.6K May 25 18:08 _condor_stdout
-rw-r--r--. 1 sschier users  1.2M May 25 18:08 f000_data16_skim_data310249_skim.root
-rw-r--r--. 1 condor  condor  13K May 25 18:08 .job.ad
-rw-r--r--. 1 condor  condor 5.1K May 25 18:08 .machine.ad


cp_and_run>  ----  run the program  -------------------------------------
cp_and_run>  running your program...
cp_and_run>  /export/home/sschier/higgsino-fortnight/FakeFactor/FFMaker.py  --input=f000_data16_skim_data310249_skim.root --isData --tree=CollectionTree --outfile=outputHist_data16.root
usage: FFMaker.py [-h] [--input INPUT] [--weight WEIGHT] [--tree TREE]
                  [--isData ISDATA] [--isSignal] [--outfile OUTFILE] [--test]
                  [--region REGION]
FFMaker.py: error: argument --isData: expected one argument
[?1034hcp_and_run>  your program finished.

cp_and_run>  ----  remove local copies of input files  ------------------
cp_and_run>  removing local input files...
cp_and_run>  rm -f f000_data16_skim_data310249_skim.root


cp_and_run>  files in the working directory now after deleting the copies:
total 48K
-rwx------. 1 sschier users    48 May 25 18:08 .chirp.config*
-rwxr-xr-x. 1 sschier users   15K May 25 18:08 condor_exec.exe*
-rw-r--r--. 1 sschier users  2.8K May 25 18:08 _condor_stdout
-rw-r--r--. 1 condor  condor  13K May 25 18:08 .job.ad
-rw-r--r--. 1 condor  condor 5.1K May 25 18:08 .machine.ad

cp_and_run>  done.
